2024-12-25 11:49:29,820 - INFO - User 'ayaan@gmail.com' authenticated successfully.
2024-12-25 11:54:38,579 - WARNING - Authentication failed for email: ayaan@gmail.com
2024-12-25 11:54:42,232 - INFO - User 'ayaan@gmail.com' authenticated successfully.
2024-12-25 15:36:59,534 - INFO - User 'abcc@gmail.com' authenticated successfully.
2024-12-25 15:41:25,529 - INFO - User 'abcc@gmail.com' authenticated successfully.
2024-12-25 15:47:57,132 - INFO - User 'abcc@gmail.com' authenticated successfully.
2024-12-25 15:54:31,019 - INFO - User 'abcc@gmail.com' authenticated successfully.
2024-12-25 15:58:14,459 - INFO - User 'abcc@gmail.com' authenticated successfully.
2024-12-25 15:59:41,796 - INFO - User 'abcc@gmail.com' authenticated successfully.
2024-12-26 21:06:35,809 - WARNING - Authentication failed for email: 
2024-12-26 21:06:36,262 - WARNING - Authentication failed for email: 
2024-12-26 21:06:38,431 - WARNING - Authentication failed for email: 
2024-12-26 21:06:38,622 - WARNING - Authentication failed for email: 
2024-12-26 21:06:52,085 - WARNING - Authentication failed for email: 
2024-12-26 21:06:52,414 - WARNING - Authentication failed for email: 
2024-12-26 21:06:52,580 - WARNING - Authentication failed for email: 
2024-12-26 21:06:52,779 - WARNING - Authentication failed for email: 
2024-12-26 21:07:16,447 - WARNING - Authentication failed for email: 
2024-12-26 21:07:16,699 - WARNING - Authentication failed for email: 
2024-12-26 21:07:16,878 - WARNING - Authentication failed for email: 
2024-12-26 21:07:34,063 - WARNING - Authentication failed for email: 
2024-12-26 21:07:34,435 - WARNING - Authentication failed for email: 
2024-12-26 21:07:34,624 - WARNING - Authentication failed for email: 
2024-12-26 21:07:34,799 - WARNING - Authentication failed for email: 
2024-12-26 21:07:38,529 - WARNING - Authentication failed for email: 
2024-12-26 21:07:38,686 - WARNING - Authentication failed for email: 
2024-12-26 21:07:38,857 - WARNING - Authentication failed for email: 
2024-12-26 21:07:39,020 - WARNING - Authentication failed for email: 
2024-12-26 21:08:11,843 - WARNING - Authentication failed for email: 
2024-12-26 21:08:49,983 - WARNING - Authentication failed for email: 
2024-12-26 21:08:51,315 - WARNING - Authentication failed for email: 
2024-12-26 21:11:10,278 - WARNING - Authentication failed for email: 
2024-12-26 21:33:11,797 - WARNING - Authentication failed for email: sssss
2024-12-26 21:33:12,252 - WARNING - Authentication failed for email: sssss
2024-12-26 21:33:12,439 - WARNING - Authentication failed for email: sssss
2024-12-26 21:34:30,694 - WARNING - Authentication failed for email: 
2024-12-26 21:34:33,015 - WARNING - Authentication failed for email: 
2024-12-26 21:34:33,165 - WARNING - Authentication failed for email: 
2024-12-26 21:34:33,313 - WARNING - Authentication failed for email: 
2024-12-26 21:34:33,452 - WARNING - Authentication failed for email: 
2024-12-26 21:34:35,901 - WARNING - Authentication failed for email: aaaaaaaaaa
2024-12-26 21:34:36,198 - WARNING - Authentication failed for email: aaaaaaaaaa
2024-12-26 21:34:51,923 - WARNING - Authentication failed for email: 
2024-12-26 21:34:52,176 - WARNING - Authentication failed for email: 
2024-12-26 21:35:48,126 - WARNING - Authentication failed for email: 
2024-12-26 21:35:50,933 - WARNING - Authentication failed for email: ddddddd
2024-12-26 21:35:51,102 - WARNING - Authentication failed for email: ddddddd
2024-12-26 21:56:47,634 - WARNING - Authentication failed for email: 
2024-12-26 21:56:47,892 - WARNING - Authentication failed for email: 
2024-12-26 22:02:46,988 - WARNING - Authentication failed for email: 
2024-12-26 22:02:47,764 - WARNING - Authentication failed for email: 
2024-12-26 22:02:48,009 - WARNING - Authentication failed for email: 
2024-12-26 22:02:51,911 - WARNING - Authentication failed for email: s
2024-12-26 22:02:54,324 - WARNING - Authentication failed for email: s
2024-12-26 22:02:54,697 - WARNING - Authentication failed for email: s
2024-12-26 22:02:54,877 - WARNING - Authentication failed for email: s
2024-12-26 22:03:11,510 - WARNING - Authentication failed for email: 
2024-12-26 22:03:12,831 - WARNING - Authentication failed for email: 
2024-12-26 22:03:17,850 - WARNING - Authentication failed for email: 
2024-12-26 22:03:38,593 - WARNING - Authentication failed for email: 
2024-12-26 22:03:39,006 - WARNING - Authentication failed for email: 
2024-12-26 22:03:39,172 - WARNING - Authentication failed for email: 
2024-12-27 08:10:43,458 - INFO - User 'shlok123@gmail.com' authenticated successfully.
2024-12-27 08:14:33,810 - INFO - User 'shlok123@gmail.com' authenticated successfully.
2024-12-29 17:04:36,856 - WARNING - Authentication failed for email: atharva@gmail.com
2024-12-29 17:36:23,614 - INFO - User 'muss@gmail.com' authenticated successfully.
2024-12-29 18:06:41,838 - INFO - User 'omm@gmail.com' authenticated successfully.
2024-12-29 18:25:38,080 - INFO - User 'omm@gmail.com' authenticated successfully.
2024-12-29 18:27:41,023 - INFO - User 'omm@gmail.com' authenticated successfully.
2024-12-29 18:28:55,096 - INFO - User 'omm@gmail.com' authenticated successfully.
2024-12-29 18:33:39,660 - INFO - User 'omm@gmail.com' authenticated successfully.
2024-12-29 18:47:28,323 - INFO - User 'omm@gmail.com' authenticated successfully.
2024-12-29 18:53:13,511 - INFO - User 'omm@gmail.com' authenticated successfully.
2024-12-29 18:56:08,885 - INFO - User 'abcc@gmail.com' authenticated successfully.
2024-12-29 19:03:33,869 - INFO - User 'omm@gmail.com' authenticated successfully.
2024-12-29 19:07:34,022 - INFO - User 'omm@gmail.com' authenticated successfully.
2024-12-29 19:19:26,838 - INFO - User 'omm@gmail.com' authenticated successfully.
2024-12-29 19:36:33,237 - INFO - User 'omm@gmail.com' authenticated successfully.
2024-12-29 19:49:36,575 - WARNING - Authentication failed for email: om@gmail.com
2024-12-29 19:50:23,526 - INFO - User 'ojas@gmail.com' authenticated successfully.
2025-01-02 12:56:51,477 - WARNING - Authentication failed for email: omm@gmail.com
2025-01-02 12:57:00,345 - INFO - User 'omm@gmail.com' authenticated successfully.
2025-01-02 13:00:56,334 - WARNING - Authentication failed for email: ayo@gmail.com
2025-01-02 13:01:01,398 - WARNING - Authentication failed for email: ayo@gmail.com
2025-01-02 13:01:08,470 - WARNING - Authentication failed for email: ayo@gmail.com
2025-01-02 13:02:05,712 - WARNING - Authentication failed for email: ayo@gmail.com
2025-01-02 13:02:11,942 - WARNING - Authentication failed for email: ayo@gmail.com
2025-01-02 13:02:12,879 - WARNING - Authentication failed for email: ayo@gmail.com
2025-01-02 13:05:50,474 - INFO - User 'asdfghjkl@' authenticated successfully.
2025-01-02 13:15:06,304 - INFO - User 'qwertyuiop@' authenticated successfully.
2025-01-02 13:16:35,353 - INFO - User 'qaz@' authenticated successfully.
2025-01-02 13:37:05,486 - INFO - User 'qwertyuiop@' authenticated successfully.
2025-01-02 13:37:39,720 - INFO - User 'qwertyuiop@' authenticated successfully.
2025-01-02 23:22:57,384 - INFO - User 'shlok123@gmail.com' authenticated successfully.
2025-01-02 23:51:39,109 - INFO - User 'ojas@gmail.com' authenticated successfully.
2025-01-02 23:58:26,948 - INFO - User 'ojas@gmail.com' authenticated successfully.
2025-01-03 15:33:40,400 - WARNING - Authentication failed for email: abcc@gmail.com
2025-01-03 15:33:45,923 - WARNING - Authentication failed for email: abcc@gmail.com
2025-01-03 15:33:52,325 - WARNING - Authentication failed for email: abcc@gmail.com
2025-01-03 15:33:58,474 - WARNING - Authentication failed for email: abcc@gmail.com
2025-01-03 15:34:17,884 - INFO - User 'abcc@gmail.com' authenticated successfully.
2025-01-09 22:26:52,859 - INFO - User 'qwertyuiop@' authenticated successfully.
2025-01-09 22:27:42,489 - INFO - User 'qwertyuiop@' authenticated successfully.
2025-01-09 22:31:08,835 - INFO - User 'qwertyuiop@' authenticated successfully.
2025-01-09 22:32:20,761 - INFO - User 'qwertyuiop@' authenticated successfully.
2025-01-09 22:33:46,421 - WARNING - Authentication failed for email: qwertyuiop@
2025-01-09 22:33:49,016 - INFO - User 'qwertyuiop@' authenticated successfully.
2025-01-09 22:34:10,496 - INFO - User 'qwertyuiop@' authenticated successfully.
2025-01-09 22:36:40,525 - INFO - User 'qwertyuiop@' authenticated successfully.
2025-01-09 23:10:08,119 - INFO - User 'qwertyuiop@' authenticated successfully.
2025-01-09 23:11:06,200 - INFO - User 'qwertyuiop@' authenticated successfully.
2025-01-09 23:13:50,671 - INFO - User 'qwertyuiop@' authenticated successfully.
2025-01-09 23:27:35,774 - INFO - User 'qwertyuiop@' authenticated successfully.
2025-01-09 23:31:48,425 - INFO - User 'qwertyuiop@' authenticated successfully.
2025-01-09 23:33:11,206 - INFO - User 'qwertyuiop@' authenticated successfully.
2025-01-10 12:38:06,381 - INFO - User 'qwertyuiop@' authenticated successfully.
2025-01-10 12:39:29,407 - INFO - User 'qwertyuiop@' authenticated successfully.
2025-01-10 12:43:46,165 - INFO - User 'qwertyuiop@' authenticated successfully.
2025-01-10 13:26:37,937 - INFO - User 'aaaaa@' authenticated successfully.
2025-01-10 13:30:45,692 - INFO - User 'aaaaa@' authenticated successfully.
2025-01-10 13:43:14,534 - INFO - User 'aaaaa@' authenticated successfully.
2025-01-10 13:51:30,162 - INFO - User 'aaaaa@' authenticated successfully.
2025-01-10 13:53:05,303 - INFO - User 'aaaaa@' authenticated successfully.
2025-01-10 13:54:48,993 - INFO - User 'aaaaa@' authenticated successfully.
2025-01-10 15:02:48,705 - INFO - User 'iwefo@' authenticated successfully.
2025-01-10 15:03:03,102 - INFO - User 'iwefo@' authenticated successfully.
2025-01-10 15:27:43,696 - INFO - User 'iwefo@' authenticated successfully.
2025-01-10 15:30:26,805 - INFO - User 'iwefo@' authenticated successfully.
2025-01-10 15:50:55,903 - INFO - User 'iwefo@' authenticated successfully.
2025-01-10 15:52:22,678 - INFO - User 'iwefo@' authenticated successfully.
2025-01-10 18:28:59,889 - INFO - User 'iwefo@' authenticated successfully.
2025-01-10 18:29:55,198 - INFO - User 'iwefo@' authenticated successfully.
2025-01-12 17:13:28,634 - WARNING - Authentication failed for email: ommm@gmail.com
2025-01-12 17:13:31,417 - INFO - User 'ommm@gmail.com' authenticated successfully.
2025-01-12 18:13:14,021 - WARNING - Authentication failed for email: ommm@gmail.com
2025-01-12 18:13:17,856 - WARNING - Authentication failed for email: ommm@gmail.com
2025-01-12 18:13:25,471 - INFO - User 'ommm@gmail.com' authenticated successfully.
2025-01-12 18:21:25,563 - INFO - User 'ommm@gmail.com' authenticated successfully.
2025-01-12 18:32:15,757 - INFO - User 'ommm@gmail.com' authenticated successfully.
2025-01-12 18:33:15,628 - INFO - User 'ommm@gmail.com' authenticated successfully.
2025-01-12 18:36:18,030 - INFO - User 'omm@gmail.com' authenticated successfully.
2025-01-12 18:39:53,363 - INFO - User 'ommm@gmail.com' authenticated successfully.
2025-01-12 18:43:25,150 - INFO - User 'ommm@gmail.com' authenticated successfully.
2025-01-12 18:48:29,120 - WARNING - Authentication failed for email: new@gmail.com
2025-01-12 18:48:38,531 - WARNING - Authentication failed for email: new@gmail.com
2025-01-12 18:48:41,200 - WARNING - Authentication failed for email: new@gmail.com
2025-01-12 18:48:43,597 - WARNING - Authentication failed for email: new@gmail.com
2025-01-12 18:49:05,944 - INFO - User 'new@gmail.com' authenticated successfully.
2025-01-12 18:52:20,346 - INFO - User 'new@gmail.com' authenticated successfully.
2025-01-12 18:58:08,155 - INFO - User 'ommm@gmail.com' authenticated successfully.
2025-01-17 13:08:59,702 - INFO - User 'iwefo@' authenticated successfully.
2025-01-17 13:19:01,068 - INFO - User 'iwefo@' authenticated successfully.
2025-01-17 13:21:27,152 - INFO - User 'iwefo@' authenticated successfully.
2025-01-17 13:32:43,684 - INFO - User 'aaaaa@' authenticated successfully.
2025-01-17 13:46:18,921 - INFO - User 'aaaaa@' authenticated successfully.
2025-01-17 13:47:48,535 - INFO - User 'aaaaa@' authenticated successfully.
2025-01-17 13:59:38,609 - INFO - User 'iwefo@' authenticated successfully.
2025-01-17 14:05:03,170 - INFO - User 'iwefo@' authenticated successfully.
2025-01-17 14:23:55,714 - INFO - User 'iwefo@' authenticated successfully.
2025-01-17 14:29:29,247 - INFO - User 'iwefo@' authenticated successfully.
2025-02-12 12:47:29,395 - INFO - User 'ta@gmail.com' authenticated successfully.
2025-02-12 16:06:55,724 - INFO - User 'ta@gmail.com' authenticated successfully.
2025-02-12 16:10:31,852 - INFO - User 'ta@gmail.com' authenticated successfully.
2025-02-12 16:15:04,361 - INFO - User 'ta@gmail.com' authenticated successfully.
